{
  "RSpec": {
    "coverage": {
      "/home/webrev/development/tutorials/thoughbot/test-driven-rails/todos/config/environment.rb": {
        "lines": [
          null,
          1,
          null,
          null,
          1
        ]
      },
      "/home/webrev/development/tutorials/thoughbot/test-driven-rails/todos/config/application.rb": {
        "lines": [
          1,
          null,
          1,
          null,
          1,
          1,
          1,
          1,
          1,
          1,
          1,
          1,
          1,
          1,
          1,
          null,
          null,
          null,
          null,
          1,
          null,
          1,
          1,
          null,
          1,
          null,
          null,
          null,
          null,
          null,
          null,
          null,
          null,
          null,
          1,
          1,
          1,
          1,
          1,
          null,
          null,
          null
        ]
      },
      "/home/webrev/development/tutorials/thoughbot/test-driven-rails/todos/config/boot.rb": {
        "lines": [
          1,
          null,
          1,
          1
        ]
      },
      "/home/webrev/development/tutorials/thoughbot/test-driven-rails/todos/config/environments/test.rb": {
        "lines": [
          null,
          null,
          null,
          null,
          null,
          1,
          null,
          null,
          1,
          1,
          null,
          null,
          null,
          null,
          1,
          null,
          null,
          1,
          1,
          null,
          null,
          null,
          null,
          1,
          1,
          1,
          null,
          null,
          1,
          null,
          null,
          1,
          null,
          null,
          1,
          null,
          1,
          null,
          null,
          null,
          null,
          1,
          null,
          null,
          1,
          null,
          null,
          null,
          null
        ]
      },
      "/home/webrev/development/tutorials/thoughbot/test-driven-rails/todos/config/initializers/application_controller_renderer.rb": {
        "lines": [
          null,
          null,
          null,
          null,
          null,
          null,
          null,
          null
        ]
      },
      "/home/webrev/development/tutorials/thoughbot/test-driven-rails/todos/config/initializers/assets.rb": {
        "lines": [
          null,
          null,
          null,
          1,
          null,
          null,
          null,
          null,
          1,
          null,
          null,
          null,
          null,
          null
        ]
      },
      "/home/webrev/development/tutorials/thoughbot/test-driven-rails/todos/config/initializers/backtrace_silencers.rb": {
        "lines": [
          null,
          null,
          null,
          null,
          null,
          null,
          null
        ]
      },
      "/home/webrev/development/tutorials/thoughbot/test-driven-rails/todos/config/initializers/content_security_policy.rb": {
        "lines": [
          null,
          null,
          null,
          null,
          null,
          null,
          null,
          null,
          null,
          null,
          null,
          null,
          null,
          null,
          null,
          null,
          null,
          null,
          null,
          null,
          null,
          null,
          null,
          null,
          null,
          null,
          null,
          null,
          null,
          null
        ]
      },
      "/home/webrev/development/tutorials/thoughbot/test-driven-rails/todos/config/initializers/cookies_serializer.rb": {
        "lines": [
          null,
          null,
          null,
          null,
          1
        ]
      },
      "/home/webrev/development/tutorials/thoughbot/test-driven-rails/todos/config/initializers/filter_parameter_logging.rb": {
        "lines": [
          null,
          null,
          null,
          1
        ]
      },
      "/home/webrev/development/tutorials/thoughbot/test-driven-rails/todos/config/initializers/inflections.rb": {
        "lines": [
          null,
          null,
          null,
          null,
          null,
          null,
          null,
          null,
          null,
          null,
          null,
          null,
          null,
          null,
          null,
          null
        ]
      },
      "/home/webrev/development/tutorials/thoughbot/test-driven-rails/todos/config/initializers/mime_types.rb": {
        "lines": [
          null,
          null,
          null,
          null
        ]
      },
      "/home/webrev/development/tutorials/thoughbot/test-driven-rails/todos/config/initializers/wrap_parameters.rb": {
        "lines": [
          null,
          null,
          null,
          null,
          null,
          null,
          1,
          2,
          null,
          null,
          null,
          null,
          null,
          null
        ]
      },
      "/home/webrev/development/tutorials/thoughbot/test-driven-rails/todos/config/routes.rb": {
        "lines": [
          1,
          null,
          null,
          1,
          null,
          1,
          null,
          null
        ]
      },
      "/home/webrev/development/tutorials/thoughbot/test-driven-rails/todos/app/helpers/application_helper.rb": {
        "lines": [
          1,
          null
        ]
      },
      "/home/webrev/development/tutorials/thoughbot/test-driven-rails/todos/spec/support/features/sign_in.rb": {
        "lines": [
          1,
          null,
          1,
          0,
          null,
          null,
          1,
          1,
          1,
          0,
          null,
          null,
          null
        ]
      },
      "/home/webrev/development/tutorials/thoughbot/test-driven-rails/todos/spec/support/database_cleaner.rb": {
        "lines": [
          1,
          1,
          1,
          null,
          null,
          1,
          3,
          null,
          null,
          1,
          0,
          null,
          null,
          1,
          3,
          null,
          null,
          1,
          3,
          null,
          null
        ]
      },
      "/home/webrev/development/tutorials/thoughbot/test-driven-rails/todos/spec/features/user_sees_own_todos_spec.rb": {
        "lines": [
          1,
          null,
          1,
          1,
          1,
          null,
          1,
          null,
          0,
          null,
          null
        ]
      },
      "/home/webrev/development/tutorials/thoughbot/test-driven-rails/todos/spec/features/user_visits_homepage_spec.rb": {
        "lines": [
          1,
          null,
          1,
          1,
          1,
          null,
          1,
          null,
          null
        ]
      },
      "/home/webrev/development/tutorials/thoughbot/test-driven-rails/todos/app/controllers/application_controller.rb": {
        "lines": [
          1,
          null
        ]
      },
      "/home/webrev/development/tutorials/thoughbot/test-driven-rails/todos/app/controllers/todos_controller.rb": {
        "lines": [
          1,
          null,
          1,
          4,
          null,
          null,
          1,
          1,
          null,
          null,
          1,
          1,
          1,
          1,
          null,
          null,
          null,
          1,
          null,
          1,
          1,
          null,
          null,
          null
        ]
      },
      "/home/webrev/development/tutorials/thoughbot/test-driven-rails/todos/app/models/todo.rb": {
        "lines": [
          1,
          null
        ]
      },
      "/home/webrev/development/tutorials/thoughbot/test-driven-rails/todos/app/models/application_record.rb": {
        "lines": [
          1,
          1,
          null
        ]
      }
    },
    "timestamp": 1597749665
  }
}
